<?xml version="1.0" encoding="utf-8"?>
<shfbBuild product="Sandcastle Help File Builder and Tools" version="2016.9.17.0" projectFile="C:\Users\mohac\Documents\Visual Studio 2015\Projects\Prog3_jatek\Documentation\Documentation.shfbproj" started="2016. 11. 21. 18:49:13">
<buildStep step="Initializing">
Finding tools...
The Sandcastle tools are located in &#39;E:\Program Files (x86)\EWSoftware\Sandcastle Help File Builder\&#39;
Searching for HTML Help 1 compiler...
Found HTML Help 1 compiler in &#39;C:\Program Files (x86)\HTML Help Workshop\&#39;
Locating components in the following folder(s):
    C:\Users\mohac\Documents\Visual Studio 2015\Projects\Prog3_jatek\Documentation
    C:\ProgramData\EWSoftware\Sandcastle Help File Builder\Components and Plug-Ins\
    E:\Program Files (x86)\EWSoftware\Sandcastle Help File Builder\
Using framework reflection data for &#39;.NET Framework 4.5&#39; located in &#39;E:\Program Files (x86)\EWSoftware\Sandcastle Help File Builder\Data\.NETFramework&#39;
Using presentation style &#39;VS2013&#39; located in &#39;E:\Program Files (x86)\EWSoftware\Sandcastle Help File Builder\PresentationStyles\VS2013&#39;
Loading and initializing plug-ins...
Lightweight Website Style Version 2016.9.17.0
Copyright &#169; 2006-2016, Eric Woodruff, All Rights Reserved
Portions Copyright &#169; 2014, Sam Harwell, All Rights Reserved
</buildStep>
<buildStep step="ValidatingDocumentationSources">
Validating and copying documentation source information
Source: C:\Users\mohac\Documents\Visual Studio 2015\Projects\Prog3_jatek\Prog3_jatek\Airspace_Commander.csproj
    Found project &#39;C:\Users\mohac\Documents\Visual Studio 2015\Projects\Prog3_jatek\Prog3_jatek\Airspace_Commander.csproj&#39;

Parsing project files
    Found assembly &#39;C:\Users\mohac\Documents\Visual Studio 2015\Projects\Prog3_jatek\Prog3_jatek\bin\Release\Airspace_Commander.exe&#39;
SHFB: Warning BE0007: A project with a different or higher framework version was found.  Changing project FrameworkVersion property from &#39;.NET Framework 4.5&#39; to &#39;.NET Framework 4.5.2&#39; for the build.

References to include (excluding framework assemblies):
    None

Copying XML comments files
    C:\Users\mohac\Documents\Visual Studio 2015\Projects\Prog3_jatek\Prog3_jatek\bin\Release\Airspace_Commander.XML -&gt; C:\Users\mohac\Documents\Visual Studio 2015\Projects\Prog3_jatek\Documentation\Help\Working\Airspace_Commander.XML
</buildStep>
<buildStep step="GenerateSharedContent">
Generating shared content files (en-US, English (United States))...
<plugIn name="Lightweight Website Style" behavior="After" priority="1000">
</plugIn>    Last step completed in 00:00:00,0050
</buildStep>
<buildStep step="GenerateApiFilter">
Generating API filter for MRefBuilder...
    Last step completed in 00:00:00,0015
</buildStep>
<buildStep step="GenerateReflectionInfo">
Generating reflection information...
[C:\Program Files (x86)\MSBuild\14.0\bin\MSBuild.exe - GenerateRefInfo.proj]
Build started 2016. 11. 21. 18:49:13.
Project &quot;C:\Users\mohac\Documents\Visual Studio 2015\Projects\Prog3_jatek\Documentation\Help\Working\GenerateRefInfo.proj&quot; on node 1 (default targets).
PrepareForBuild:
  Creating directory &quot;obj\Debug\&quot;.
GenerateRefInfo:
  MRefBuilder (v2016.9.17.0)
  Copyright c 2006-2016, Microsoft Corporation, All Rights Reserved.
  Portions Copyright c 2006-2016, Eric Woodruff, All Rights Reserved.
  No source code context base path specified.  Source context information is unavailable.
  Loaded 1 assemblies for reflection and 1 dependency assemblies.
  Wrote information on 2 namespaces, 17 types, and 155 members
  Copying file from &quot;reflection.org&quot; to &quot;reflection.all&quot;.
  XslTransform (v2016.9.17.0)
  Copyright c 2006-2016, Microsoft Corporation, All Rights Reserved.
  Portions Copyright c 2006-2016, Eric Woodruff, All Rights Reserved.
  Applying XSL transformation &#39;E:\Program Files (x86)\EWSoftware\Sandcastle Help File Builder\ProductionTransforms\MergeDuplicates.xsl&#39;.
Done Building Project &quot;C:\Users\mohac\Documents\Visual Studio 2015\Projects\Prog3_jatek\Documentation\Help\Working\GenerateRefInfo.proj&quot; (default targets).

Build succeeded.

Time Elapsed 00:00:00.71
    Last step completed in 00:00:00,9286
</buildStep>
<buildStep step="TransformReflectionInfo">
Transforming reflection output...
[C:\Program Files (x86)\MSBuild\14.0\bin\MSBuild.exe - TransformManifest.proj]
Build started 2016. 11. 21. 18:49:14.
Project &quot;C:\Users\mohac\Documents\Visual Studio 2015\Projects\Prog3_jatek\Documentation\Help\Working\TransformManifest.proj&quot; on node 1 (default targets).
TransformManifest:
  XslTransform (v2016.9.17.0)
  Copyright c 2006-2016, Microsoft Corporation, All Rights Reserved.
  Portions Copyright c 2006-2016, Eric Woodruff, All Rights Reserved.
  Applying XSL transformation &#39;E:\Program Files (x86)\EWSoftware\Sandcastle Help File Builder\\ProductionTransforms\ApplyVSDocModel.xsl&#39;.
  Copying file from &quot;reflection.xml&quot; to &quot;reflection.nofilenames&quot;.
  XslTransform (v2016.9.17.0)
  Copyright c 2006-2016, Microsoft Corporation, All Rights Reserved.
  Portions Copyright c 2006-2016, Eric Woodruff, All Rights Reserved.
  Applying XSL transformation &#39;E:\Program Files (x86)\EWSoftware\Sandcastle Help File Builder\ProductionTransforms\AddFilenames.xsl&#39;.
  XslTransform (v2016.9.17.0)
  Copyright c 2006-2016, Microsoft Corporation, All Rights Reserved.
  Portions Copyright c 2006-2016, Eric Woodruff, All Rights Reserved.
  Applying XSL transformation &#39;E:\Program Files (x86)\EWSoftware\Sandcastle Help File Builder\ProductionTransforms\ReflectionToManifest.xsl&#39;.
Done Building Project &quot;C:\Users\mohac\Documents\Visual Studio 2015\Projects\Prog3_jatek\Documentation\Help\Working\TransformManifest.proj&quot; (default targets).

Build succeeded.

Time Elapsed 00:00:00.72
    Last step completed in 00:00:00,8506
</buildStep>
<buildStep step="GenerateNamespaceSummaries">
Generating namespace summary information...
    Last step completed in 00:00:00,0575
</buildStep>
<buildStep step="CopyConceptualContent">
Copying conceptual content...
Copying standard token shared content file...
Checking for other token files...
Checking for code snippets files...
Copying images and creating the media map file...
    C:\Users\mohac\Documents\Visual Studio 2015\Projects\Prog3_jatek\Documentation\_building.png -&gt; C:\Users\mohac\Documents\Visual Studio 2015\Projects\Prog3_jatek\Documentation\Help\Working\media\_building.png
    C:\Users\mohac\Documents\Visual Studio 2015\Projects\Prog3_jatek\Documentation\_jet.png -&gt; C:\Users\mohac\Documents\Visual Studio 2015\Projects\Prog3_jatek\Documentation\Help\Working\media\_jet.png
    C:\Users\mohac\Documents\Visual Studio 2015\Projects\Prog3_jatek\Documentation\_meteor.png -&gt; C:\Users\mohac\Documents\Visual Studio 2015\Projects\Prog3_jatek\Documentation\Help\Working\media\_meteor.png
    C:\Users\mohac\Documents\Visual Studio 2015\Projects\Prog3_jatek\Documentation\_rocket.png -&gt; C:\Users\mohac\Documents\Visual Studio 2015\Projects\Prog3_jatek\Documentation\Help\Working\media\_rocket.png
    C:\Users\mohac\Documents\Visual Studio 2015\Projects\Prog3_jatek\Documentation\_shield.png -&gt; C:\Users\mohac\Documents\Visual Studio 2015\Projects\Prog3_jatek\Documentation\Help\Working\media\_shield.png
    C:\Users\mohac\Documents\Visual Studio 2015\Projects\Prog3_jatek\Documentation\_ufo.png -&gt; C:\Users\mohac\Documents\Visual Studio 2015\Projects\Prog3_jatek\Documentation\Help\Working\media\_ufo.png
Generating conceptual topic files
    Parsing topic file &#39;C:\Users\mohac\Documents\Visual Studio 2015\Projects\Prog3_jatek\Documentation\Content\Welcome.aml&#39;
    C:\Users\mohac\Documents\Visual Studio 2015\Projects\Prog3_jatek\Documentation\Content\Welcome.aml -&gt; C:\Users\mohac\Documents\Visual Studio 2015\Projects\Prog3_jatek\Documentation\Help\Working\ddueXml\10fcd33a-59c7-46ca-aaa7-0246040dad25.xml
    Parsing topic file &#39;C:\Users\mohac\Documents\Visual Studio 2015\Projects\Prog3_jatek\Documentation\Content\VersionHistory\VersionHistory.aml&#39;
    C:\Users\mohac\Documents\Visual Studio 2015\Projects\Prog3_jatek\Documentation\Content\VersionHistory\VersionHistory.aml -&gt; C:\Users\mohac\Documents\Visual Studio 2015\Projects\Prog3_jatek\Documentation\Help\Working\ddueXml\8243dd0e-8e60-4a0c-8e71-e7cf0dc1005b.xml
    Parsing topic file &#39;C:\Users\mohac\Documents\Visual Studio 2015\Projects\Prog3_jatek\Documentation\Content\VersionHistory\v1.0.0.0.aml&#39;
    C:\Users\mohac\Documents\Visual Studio 2015\Projects\Prog3_jatek\Documentation\Content\VersionHistory\v1.0.0.0.aml -&gt; C:\Users\mohac\Documents\Visual Studio 2015\Projects\Prog3_jatek\Documentation\Help\Working\ddueXml\dd588003-17ba-4c27-a356-a48a5e18cd6b.xml
    Last step completed in 00:00:00,0640
</buildStep>
<buildStep step="CreateConceptualTopicConfigs">
Creating conceptual topic configuration files...
    Companion files
    _ContentMetadata_.xml
    Merging topic IDs into manifest.xml
    Last step completed in 00:00:00,0075
</buildStep>
<buildStep step="CopyAdditionalContent">
Copying additional content files...
C:\Users\mohac\Documents\Visual Studio 2015\Projects\Prog3_jatek\Documentation\icons\Help.png -&gt; C:\Users\mohac\Documents\Visual Studio 2015\Projects\Prog3_jatek\Documentation\Help\Working\Output\HtmlHelp1\icons\Help.png
    Last step completed in 00:00:00,0055
</buildStep>
<buildStep step="MergeTablesOfContents">
Merging conceptual and additional tables of contents...
    Last step completed in 00:00:00,0005
</buildStep>
<buildStep step="GenerateIntermediateTableOfContents">
Generating intermediate table of contents file...
[C:\Program Files (x86)\MSBuild\14.0\bin\MSBuild.exe - GenerateIntermediateTOC.proj]
Build started 2016. 11. 21. 18:49:15.
Project &quot;C:\Users\mohac\Documents\Visual Studio 2015\Projects\Prog3_jatek\Documentation\Help\Working\GenerateIntermediateTOC.proj&quot; on node 1 (default targets).
GenerateIntermediateTOC:
  XslTransform (v2016.9.17.0)
  Copyright c 2006-2016, Microsoft Corporation, All Rights Reserved.
  Portions Copyright c 2006-2016, Eric Woodruff, All Rights Reserved.
  Applying XSL transformation &#39;E:\Program Files (x86)\EWSoftware\Sandcastle Help File Builder\\ProductionTransforms\CreateVSToc.xsl&#39;.
Done Building Project &quot;C:\Users\mohac\Documents\Visual Studio 2015\Projects\Prog3_jatek\Documentation\Help\Working\GenerateIntermediateTOC.proj&quot; (default targets).

Build succeeded.

Time Elapsed 00:00:00.11
Generating conceptual content intermediate TOC file...
    Last step completed in 00:00:00,2275
</buildStep>
<buildStep step="CreateBuildAssemblerConfigs">
Creating Sandcastle configuration files...
    sandcastle.config
    Last step completed in 00:00:00,1920
</buildStep>
<buildStep step="MergeCustomConfigs">
Merging custom build component configurations
C:\Users\mohac\Documents\Visual Studio 2015\Projects\Prog3_jatek\Documentation\Help\Working\sandcastle.config
  Updating reference topic configurations.
  Updating conceptual topic configurations.
    Removing unused ExampleComponent.
    Last step completed in 00:00:00,0050
</buildStep>
<buildStep step="BuildTopics">
Building help topics...
[C:\Program Files (x86)\MSBuild\14.0\bin\MSBuild.exe - BuildTopics.proj]
Build started 2016. 11. 21. 18:49:16.
Project &quot;C:\Users\mohac\Documents\Visual Studio 2015\Projects\Prog3_jatek\Documentation\Help\Working\BuildTopics.proj&quot; on node 1 (default targets).
BuildTopics:
  BuildAssembler (v2016.9.17.0)
  Copyright c 2006-2016, Microsoft Corporation, All Rights Reserved.
  Portions Copyright c 2006-2016, Eric Woodruff, All Rights Reserved.
  Loading configuration...
BuildAssembler : warning : CopyFromIndexComponent: Entries for the key &#39;N:XamlGeneratedNamespace&#39; occur in both &#39;E:\Program Files (x86)\EWSoftware\Sandcastle Help File Builder\Data\.NETFramework\XamlGeneratedNamespace.xml&#39; and &#39;C:\Users\mohac\Documents\Visual Studio 2015\Projects\Prog3_jatek\Documentation\Help\Working\reflection.xml&#39;. The last entry will be used. [C:\Users\mohac\Documents\Visual Studio 2015\Projects\Prog3_jatek\Documentation\Help\Working\BuildTopics.proj]
BuildAssembler : warning : CopyFromIndexComponent: Entries for the key &#39;T:XamlGeneratedNamespace.GeneratedInternalTypeHelper&#39; occur in both &#39;E:\Program Files (x86)\EWSoftware\Sandcastle Help File Builder\Data\.NETFramework\XamlGeneratedNamespace.xml&#39; and &#39;C:\Users\mohac\Documents\Visual Studio 2015\Projects\Prog3_jatek\Documentation\Help\Working\reflection.xml&#39;. The last entry will be used. [C:\Users\mohac\Documents\Visual Studio 2015\Projects\Prog3_jatek\Documentation\Help\Working\BuildTopics.proj]
BuildAssembler : warning : CopyFromIndexComponent: Entries for the key &#39;Methods.T:XamlGeneratedNamespace.GeneratedInternalTypeHelper&#39; occur in both &#39;E:\Program Files (x86)\EWSoftware\Sandcastle Help File Builder\Data\.NETFramework\XamlGeneratedNamespace.xml&#39; and &#39;C:\Users\mohac\Documents\Visual Studio 2015\Projects\Prog3_jatek\Documentation\Help\Working\reflection.xml&#39;. The last entry will be used. [C:\Users\mohac\Documents\Visual Studio 2015\Projects\Prog3_jatek\Documentation\Help\Working\BuildTopics.proj]
BuildAssembler : warning : CopyFromIndexComponent: Entries for the key &#39;M:XamlGeneratedNamespace.GeneratedInternalTypeHelper.#ctor&#39; occur in both &#39;E:\Program Files (x86)\EWSoftware\Sandcastle Help File Builder\Data\.NETFramework\XamlGeneratedNamespace.xml&#39; and &#39;C:\Users\mohac\Documents\Visual Studio 2015\Projects\Prog3_jatek\Documentation\Help\Working\reflection.xml&#39;. The last entry will be used. [C:\Users\mohac\Documents\Visual Studio 2015\Projects\Prog3_jatek\Documentation\Help\Working\BuildTopics.proj]
  Processing topics...
BuildAssembler : warning : ShowMissingComponent: [T:Airspace_Commander.NamespaceDoc] Missing &lt;summary&gt; documentation [C:\Users\mohac\Documents\Visual Studio 2015\Projects\Prog3_jatek\Documentation\Help\Working\BuildTopics.proj]
BuildAssembler : warning : ShowMissingComponent: [N:XamlGeneratedNamespace] Missing &lt;summary&gt; documentation [C:\Users\mohac\Documents\Visual Studio 2015\Projects\Prog3_jatek\Documentation\Help\Working\BuildTopics.proj]
  Processed 223 topic(s)
  6 warning(s)
  CopyFromIndexComponent: &quot;metadata&quot; in-memory cache entries used: 1 of 15.
  ResolveArtLinksComponent: Copying media files...
  CopyFromIndexComponent: &quot;reflection&quot; in-memory cache entries used: 7 of 15.
  CopyFromIndexComponent: &quot;comments&quot; in-memory cache entries used: 6 of 30.
Done Building Project &quot;C:\Users\mohac\Documents\Visual Studio 2015\Projects\Prog3_jatek\Documentation\Help\Working\BuildTopics.proj&quot; (default targets).

Build succeeded.

Time Elapsed 00:00:15.04
    Last step completed in 00:00:15,1999
</buildStep>
<buildStep step="CombiningIntermediateTocFiles">
Combining conceptual and API intermediate TOC files...
    Last step completed in 00:00:00,0030
</buildStep>
<buildStep step="ExtractingHtmlInfo">
Extracting HTML info for HTML Help 1 and/or website...
[C:\Program Files (x86)\MSBuild\14.0\bin\MSBuild.exe - ExtractHtmlInfo.proj]
Sandcastle Help File Builder and Tools, version 2016.9.17.0
Copyright c 2006-2016, Eric Woodruff, All Rights Reserved
E-Mail: Eric@EWoodruff.us

Using LCID &#39;1033&#39;, code page &#39;65001&#39;, encoding charset &#39;UTF-8&#39;.

Processing Help 1 files in C:\Users\mohac\Documents\Visual Studio 2015\Projects\Prog3_jatek\Documentation\Help\Working\Output\HtmlHelp1
Processed 223 HTML files
Sorting keywords and generating See Also indices
Saving HTML Help 1 keyword index to C:\Users\mohac\Documents\Visual Studio 2015\Projects\Prog3_jatek\Documentation\Help\Working\Documentation.hhk
Saving HTML Help 1 table of contents to C:\Users\mohac\Documents\Visual Studio 2015\Projects\Prog3_jatek\Documentation\Help\Working\Documentation.hhc
    Last step completed in 00:00:00,3630
</buildStep>
<buildStep step="CopyStandardHelpContent">
Copying standard help content...
E:\Program Files (x86)\EWSoftware\Sandcastle Help File Builder\PresentationStyles\VS2013\icons\AlertCaution.png -&gt; C:\Users\mohac\Documents\Visual Studio 2015\Projects\Prog3_jatek\Documentation\Help\Working\Output\HtmlHelp1\icons\AlertCaution.png
E:\Program Files (x86)\EWSoftware\Sandcastle Help File Builder\PresentationStyles\VS2013\icons\AlertNote.png -&gt; C:\Users\mohac\Documents\Visual Studio 2015\Projects\Prog3_jatek\Documentation\Help\Working\Output\HtmlHelp1\icons\AlertNote.png
E:\Program Files (x86)\EWSoftware\Sandcastle Help File Builder\PresentationStyles\VS2013\icons\AlertSecurity.png -&gt; C:\Users\mohac\Documents\Visual Studio 2015\Projects\Prog3_jatek\Documentation\Help\Working\Output\HtmlHelp1\icons\AlertSecurity.png
E:\Program Files (x86)\EWSoftware\Sandcastle Help File Builder\PresentationStyles\VS2013\icons\CFW.gif -&gt; C:\Users\mohac\Documents\Visual Studio 2015\Projects\Prog3_jatek\Documentation\Help\Working\Output\HtmlHelp1\icons\CFW.gif
E:\Program Files (x86)\EWSoftware\Sandcastle Help File Builder\PresentationStyles\VS2013\icons\CodeExample.png -&gt; C:\Users\mohac\Documents\Visual Studio 2015\Projects\Prog3_jatek\Documentation\Help\Working\Output\HtmlHelp1\icons\CodeExample.png
E:\Program Files (x86)\EWSoftware\Sandcastle Help File Builder\PresentationStyles\VS2013\icons\favicon.ico -&gt; C:\Users\mohac\Documents\Visual Studio 2015\Projects\Prog3_jatek\Documentation\Help\Working\Output\HtmlHelp1\icons\favicon.ico
E:\Program Files (x86)\EWSoftware\Sandcastle Help File Builder\PresentationStyles\VS2013\icons\privclass.gif -&gt; C:\Users\mohac\Documents\Visual Studio 2015\Projects\Prog3_jatek\Documentation\Help\Working\Output\HtmlHelp1\icons\privclass.gif
E:\Program Files (x86)\EWSoftware\Sandcastle Help File Builder\PresentationStyles\VS2013\icons\privdelegate.gif -&gt; C:\Users\mohac\Documents\Visual Studio 2015\Projects\Prog3_jatek\Documentation\Help\Working\Output\HtmlHelp1\icons\privdelegate.gif
E:\Program Files (x86)\EWSoftware\Sandcastle Help File Builder\PresentationStyles\VS2013\icons\privenumeration.gif -&gt; C:\Users\mohac\Documents\Visual Studio 2015\Projects\Prog3_jatek\Documentation\Help\Working\Output\HtmlHelp1\icons\privenumeration.gif
E:\Program Files (x86)\EWSoftware\Sandcastle Help File Builder\PresentationStyles\VS2013\icons\privevent.gif -&gt; C:\Users\mohac\Documents\Visual Studio 2015\Projects\Prog3_jatek\Documentation\Help\Working\Output\HtmlHelp1\icons\privevent.gif
E:\Program Files (x86)\EWSoftware\Sandcastle Help File Builder\PresentationStyles\VS2013\icons\privextension.gif -&gt; C:\Users\mohac\Documents\Visual Studio 2015\Projects\Prog3_jatek\Documentation\Help\Working\Output\HtmlHelp1\icons\privextension.gif
E:\Program Files (x86)\EWSoftware\Sandcastle Help File Builder\PresentationStyles\VS2013\icons\privfield.gif -&gt; C:\Users\mohac\Documents\Visual Studio 2015\Projects\Prog3_jatek\Documentation\Help\Working\Output\HtmlHelp1\icons\privfield.gif
E:\Program Files (x86)\EWSoftware\Sandcastle Help File Builder\PresentationStyles\VS2013\icons\privinterface.gif -&gt; C:\Users\mohac\Documents\Visual Studio 2015\Projects\Prog3_jatek\Documentation\Help\Working\Output\HtmlHelp1\icons\privinterface.gif
E:\Program Files (x86)\EWSoftware\Sandcastle Help File Builder\PresentationStyles\VS2013\icons\privmethod.gif -&gt; C:\Users\mohac\Documents\Visual Studio 2015\Projects\Prog3_jatek\Documentation\Help\Working\Output\HtmlHelp1\icons\privmethod.gif
E:\Program Files (x86)\EWSoftware\Sandcastle Help File Builder\PresentationStyles\VS2013\icons\privproperty.gif -&gt; C:\Users\mohac\Documents\Visual Studio 2015\Projects\Prog3_jatek\Documentation\Help\Working\Output\HtmlHelp1\icons\privproperty.gif
E:\Program Files (x86)\EWSoftware\Sandcastle Help File Builder\PresentationStyles\VS2013\icons\privstructure.gif -&gt; C:\Users\mohac\Documents\Visual Studio 2015\Projects\Prog3_jatek\Documentation\Help\Working\Output\HtmlHelp1\icons\privstructure.gif
E:\Program Files (x86)\EWSoftware\Sandcastle Help File Builder\PresentationStyles\VS2013\icons\protclass.gif -&gt; C:\Users\mohac\Documents\Visual Studio 2015\Projects\Prog3_jatek\Documentation\Help\Working\Output\HtmlHelp1\icons\protclass.gif
E:\Program Files (x86)\EWSoftware\Sandcastle Help File Builder\PresentationStyles\VS2013\icons\protdelegate.gif -&gt; C:\Users\mohac\Documents\Visual Studio 2015\Projects\Prog3_jatek\Documentation\Help\Working\Output\HtmlHelp1\icons\protdelegate.gif
E:\Program Files (x86)\EWSoftware\Sandcastle Help File Builder\PresentationStyles\VS2013\icons\protenumeration.gif -&gt; C:\Users\mohac\Documents\Visual Studio 2015\Projects\Prog3_jatek\Documentation\Help\Working\Output\HtmlHelp1\icons\protenumeration.gif
E:\Program Files (x86)\EWSoftware\Sandcastle Help File Builder\PresentationStyles\VS2013\icons\protevent.gif -&gt; C:\Users\mohac\Documents\Visual Studio 2015\Projects\Prog3_jatek\Documentation\Help\Working\Output\HtmlHelp1\icons\protevent.gif
E:\Program Files (x86)\EWSoftware\Sandcastle Help File Builder\PresentationStyles\VS2013\icons\protextension.gif -&gt; C:\Users\mohac\Documents\Visual Studio 2015\Projects\Prog3_jatek\Documentation\Help\Working\Output\HtmlHelp1\icons\protextension.gif
E:\Program Files (x86)\EWSoftware\Sandcastle Help File Builder\PresentationStyles\VS2013\icons\protfield.gif -&gt; C:\Users\mohac\Documents\Visual Studio 2015\Projects\Prog3_jatek\Documentation\Help\Working\Output\HtmlHelp1\icons\protfield.gif
E:\Program Files (x86)\EWSoftware\Sandcastle Help File Builder\PresentationStyles\VS2013\icons\protinterface.gif -&gt; C:\Users\mohac\Documents\Visual Studio 2015\Projects\Prog3_jatek\Documentation\Help\Working\Output\HtmlHelp1\icons\protinterface.gif
E:\Program Files (x86)\EWSoftware\Sandcastle Help File Builder\PresentationStyles\VS2013\icons\protmethod.gif -&gt; C:\Users\mohac\Documents\Visual Studio 2015\Projects\Prog3_jatek\Documentation\Help\Working\Output\HtmlHelp1\icons\protmethod.gif
E:\Program Files (x86)\EWSoftware\Sandcastle Help File Builder\PresentationStyles\VS2013\icons\protoperator.gif -&gt; C:\Users\mohac\Documents\Visual Studio 2015\Projects\Prog3_jatek\Documentation\Help\Working\Output\HtmlHelp1\icons\protoperator.gif
E:\Program Files (x86)\EWSoftware\Sandcastle Help File Builder\PresentationStyles\VS2013\icons\protproperty.gif -&gt; C:\Users\mohac\Documents\Visual Studio 2015\Projects\Prog3_jatek\Documentation\Help\Working\Output\HtmlHelp1\icons\protproperty.gif
E:\Program Files (x86)\EWSoftware\Sandcastle Help File Builder\PresentationStyles\VS2013\icons\protstructure.gif -&gt; C:\Users\mohac\Documents\Visual Studio 2015\Projects\Prog3_jatek\Documentation\Help\Working\Output\HtmlHelp1\icons\protstructure.gif
E:\Program Files (x86)\EWSoftware\Sandcastle Help File Builder\PresentationStyles\VS2013\icons\pubclass.gif -&gt; C:\Users\mohac\Documents\Visual Studio 2015\Projects\Prog3_jatek\Documentation\Help\Working\Output\HtmlHelp1\icons\pubclass.gif
E:\Program Files (x86)\EWSoftware\Sandcastle Help File Builder\PresentationStyles\VS2013\icons\pubdelegate.gif -&gt; C:\Users\mohac\Documents\Visual Studio 2015\Projects\Prog3_jatek\Documentation\Help\Working\Output\HtmlHelp1\icons\pubdelegate.gif
E:\Program Files (x86)\EWSoftware\Sandcastle Help File Builder\PresentationStyles\VS2013\icons\pubenumeration.gif -&gt; C:\Users\mohac\Documents\Visual Studio 2015\Projects\Prog3_jatek\Documentation\Help\Working\Output\HtmlHelp1\icons\pubenumeration.gif
E:\Program Files (x86)\EWSoftware\Sandcastle Help File Builder\PresentationStyles\VS2013\icons\pubevent.gif -&gt; C:\Users\mohac\Documents\Visual Studio 2015\Projects\Prog3_jatek\Documentation\Help\Working\Output\HtmlHelp1\icons\pubevent.gif
E:\Program Files (x86)\EWSoftware\Sandcastle Help File Builder\PresentationStyles\VS2013\icons\pubextension.gif -&gt; C:\Users\mohac\Documents\Visual Studio 2015\Projects\Prog3_jatek\Documentation\Help\Working\Output\HtmlHelp1\icons\pubextension.gif
E:\Program Files (x86)\EWSoftware\Sandcastle Help File Builder\PresentationStyles\VS2013\icons\pubfield.gif -&gt; C:\Users\mohac\Documents\Visual Studio 2015\Projects\Prog3_jatek\Documentation\Help\Working\Output\HtmlHelp1\icons\pubfield.gif
E:\Program Files (x86)\EWSoftware\Sandcastle Help File Builder\PresentationStyles\VS2013\icons\pubinterface.gif -&gt; C:\Users\mohac\Documents\Visual Studio 2015\Projects\Prog3_jatek\Documentation\Help\Working\Output\HtmlHelp1\icons\pubinterface.gif
E:\Program Files (x86)\EWSoftware\Sandcastle Help File Builder\PresentationStyles\VS2013\icons\pubmethod.gif -&gt; C:\Users\mohac\Documents\Visual Studio 2015\Projects\Prog3_jatek\Documentation\Help\Working\Output\HtmlHelp1\icons\pubmethod.gif
E:\Program Files (x86)\EWSoftware\Sandcastle Help File Builder\PresentationStyles\VS2013\icons\puboperator.gif -&gt; C:\Users\mohac\Documents\Visual Studio 2015\Projects\Prog3_jatek\Documentation\Help\Working\Output\HtmlHelp1\icons\puboperator.gif
E:\Program Files (x86)\EWSoftware\Sandcastle Help File Builder\PresentationStyles\VS2013\icons\pubproperty.gif -&gt; C:\Users\mohac\Documents\Visual Studio 2015\Projects\Prog3_jatek\Documentation\Help\Working\Output\HtmlHelp1\icons\pubproperty.gif
E:\Program Files (x86)\EWSoftware\Sandcastle Help File Builder\PresentationStyles\VS2013\icons\pubstructure.gif -&gt; C:\Users\mohac\Documents\Visual Studio 2015\Projects\Prog3_jatek\Documentation\Help\Working\Output\HtmlHelp1\icons\pubstructure.gif
E:\Program Files (x86)\EWSoftware\Sandcastle Help File Builder\PresentationStyles\VS2013\icons\SectionCollapsed.png -&gt; C:\Users\mohac\Documents\Visual Studio 2015\Projects\Prog3_jatek\Documentation\Help\Working\Output\HtmlHelp1\icons\SectionCollapsed.png
E:\Program Files (x86)\EWSoftware\Sandcastle Help File Builder\PresentationStyles\VS2013\icons\SectionExpanded.png -&gt; C:\Users\mohac\Documents\Visual Studio 2015\Projects\Prog3_jatek\Documentation\Help\Working\Output\HtmlHelp1\icons\SectionExpanded.png
E:\Program Files (x86)\EWSoftware\Sandcastle Help File Builder\PresentationStyles\VS2013\icons\slMobile.gif -&gt; C:\Users\mohac\Documents\Visual Studio 2015\Projects\Prog3_jatek\Documentation\Help\Working\Output\HtmlHelp1\icons\slMobile.gif
E:\Program Files (x86)\EWSoftware\Sandcastle Help File Builder\PresentationStyles\VS2013\icons\static.gif -&gt; C:\Users\mohac\Documents\Visual Studio 2015\Projects\Prog3_jatek\Documentation\Help\Working\Output\HtmlHelp1\icons\static.gif
E:\Program Files (x86)\EWSoftware\Sandcastle Help File Builder\PresentationStyles\VS2013\icons\xna.gif -&gt; C:\Users\mohac\Documents\Visual Studio 2015\Projects\Prog3_jatek\Documentation\Help\Working\Output\HtmlHelp1\icons\xna.gif
E:\Program Files (x86)\EWSoftware\Sandcastle Help File Builder\PresentationStyles\VS2013\scripts\branding.js -&gt; C:\Users\mohac\Documents\Visual Studio 2015\Projects\Prog3_jatek\Documentation\Help\Working\Output\HtmlHelp1\scripts\branding.js
E:\Program Files (x86)\EWSoftware\Sandcastle Help File Builder\PresentationStyles\VS2013\styles\branding-cs-CZ.css -&gt; C:\Users\mohac\Documents\Visual Studio 2015\Projects\Prog3_jatek\Documentation\Help\Working\Output\HtmlHelp1\styles\branding-cs-CZ.css
E:\Program Files (x86)\EWSoftware\Sandcastle Help File Builder\PresentationStyles\VS2013\styles\branding-de-DE.css -&gt; C:\Users\mohac\Documents\Visual Studio 2015\Projects\Prog3_jatek\Documentation\Help\Working\Output\HtmlHelp1\styles\branding-de-DE.css
E:\Program Files (x86)\EWSoftware\Sandcastle Help File Builder\PresentationStyles\VS2013\styles\branding-en-US.css -&gt; C:\Users\mohac\Documents\Visual Studio 2015\Projects\Prog3_jatek\Documentation\Help\Working\Output\HtmlHelp1\styles\branding-en-US.css
E:\Program Files (x86)\EWSoftware\Sandcastle Help File Builder\PresentationStyles\VS2013\styles\branding-es-ES.css -&gt; C:\Users\mohac\Documents\Visual Studio 2015\Projects\Prog3_jatek\Documentation\Help\Working\Output\HtmlHelp1\styles\branding-es-ES.css
E:\Program Files (x86)\EWSoftware\Sandcastle Help File Builder\PresentationStyles\VS2013\styles\branding-fr-FR.css -&gt; C:\Users\mohac\Documents\Visual Studio 2015\Projects\Prog3_jatek\Documentation\Help\Working\Output\HtmlHelp1\styles\branding-fr-FR.css
E:\Program Files (x86)\EWSoftware\Sandcastle Help File Builder\PresentationStyles\VS2013\styles\branding-Help1.css -&gt; C:\Users\mohac\Documents\Visual Studio 2015\Projects\Prog3_jatek\Documentation\Help\Working\Output\HtmlHelp1\styles\branding-Help1.css
E:\Program Files (x86)\EWSoftware\Sandcastle Help File Builder\PresentationStyles\VS2013\styles\branding-HelpViewer.css -&gt; C:\Users\mohac\Documents\Visual Studio 2015\Projects\Prog3_jatek\Documentation\Help\Working\Output\HtmlHelp1\styles\branding-HelpViewer.css
E:\Program Files (x86)\EWSoftware\Sandcastle Help File Builder\PresentationStyles\VS2013\styles\branding-it-IT.css -&gt; C:\Users\mohac\Documents\Visual Studio 2015\Projects\Prog3_jatek\Documentation\Help\Working\Output\HtmlHelp1\styles\branding-it-IT.css
E:\Program Files (x86)\EWSoftware\Sandcastle Help File Builder\PresentationStyles\VS2013\styles\branding-ja-JP.css -&gt; C:\Users\mohac\Documents\Visual Studio 2015\Projects\Prog3_jatek\Documentation\Help\Working\Output\HtmlHelp1\styles\branding-ja-JP.css
E:\Program Files (x86)\EWSoftware\Sandcastle Help File Builder\PresentationStyles\VS2013\styles\branding-ko-KR.css -&gt; C:\Users\mohac\Documents\Visual Studio 2015\Projects\Prog3_jatek\Documentation\Help\Working\Output\HtmlHelp1\styles\branding-ko-KR.css
E:\Program Files (x86)\EWSoftware\Sandcastle Help File Builder\PresentationStyles\VS2013\styles\branding-pl-PL.css -&gt; C:\Users\mohac\Documents\Visual Studio 2015\Projects\Prog3_jatek\Documentation\Help\Working\Output\HtmlHelp1\styles\branding-pl-PL.css
E:\Program Files (x86)\EWSoftware\Sandcastle Help File Builder\PresentationStyles\VS2013\styles\branding-pt-BR.css -&gt; C:\Users\mohac\Documents\Visual Studio 2015\Projects\Prog3_jatek\Documentation\Help\Working\Output\HtmlHelp1\styles\branding-pt-BR.css
E:\Program Files (x86)\EWSoftware\Sandcastle Help File Builder\PresentationStyles\VS2013\styles\branding-ru-RU.css -&gt; C:\Users\mohac\Documents\Visual Studio 2015\Projects\Prog3_jatek\Documentation\Help\Working\Output\HtmlHelp1\styles\branding-ru-RU.css
E:\Program Files (x86)\EWSoftware\Sandcastle Help File Builder\PresentationStyles\VS2013\styles\branding-tr-TR.css -&gt; C:\Users\mohac\Documents\Visual Studio 2015\Projects\Prog3_jatek\Documentation\Help\Working\Output\HtmlHelp1\styles\branding-tr-TR.css
E:\Program Files (x86)\EWSoftware\Sandcastle Help File Builder\PresentationStyles\VS2013\styles\branding-Website.css -&gt; C:\Users\mohac\Documents\Visual Studio 2015\Projects\Prog3_jatek\Documentation\Help\Working\Output\HtmlHelp1\styles\branding-Website.css
E:\Program Files (x86)\EWSoftware\Sandcastle Help File Builder\PresentationStyles\VS2013\styles\branding-zh-CN.css -&gt; C:\Users\mohac\Documents\Visual Studio 2015\Projects\Prog3_jatek\Documentation\Help\Working\Output\HtmlHelp1\styles\branding-zh-CN.css
E:\Program Files (x86)\EWSoftware\Sandcastle Help File Builder\PresentationStyles\VS2013\styles\branding-zh-TW.css -&gt; C:\Users\mohac\Documents\Visual Studio 2015\Projects\Prog3_jatek\Documentation\Help\Working\Output\HtmlHelp1\styles\branding-zh-TW.css
E:\Program Files (x86)\EWSoftware\Sandcastle Help File Builder\PresentationStyles\VS2013\styles\branding.css -&gt; C:\Users\mohac\Documents\Visual Studio 2015\Projects\Prog3_jatek\Documentation\Help\Working\Output\HtmlHelp1\styles\branding.css
    Last step completed in 00:00:00,3945
</buildStep>
<buildStep step="GenerateHelpFormatTableOfContents">
Generating HTML Help 1 table of contents file...
    Last step completed in 00:00:00,0000
</buildStep>
<buildStep step="GenerateHelpFileIndex">
Generating HTML Help 1 index file...
    Last step completed in 00:00:00,0000
</buildStep>
<buildStep step="GenerateHelpProject">
Generating HTML Help 1 project file...
    Last step completed in 00:00:00,0050
</buildStep>
<buildStep step="CompilingHelpFile">
Compiling HTML Help 1 file...
[C:\Program Files (x86)\MSBuild\14.0\bin\MSBuild.exe - Build1xHelpFile.proj]
  Microsoft HTML Help Compiler 4.74.8702
  
  
  
  Compiling c:\Users\mohac\Documents\Visual Studio 2015\Projects\Prog3_jatek\Documentation\Help\Working\Output\HtmlHelp1\Documentation.chm
  
  
  
  
  
  Compile time: 0 minutes, 1 second
  
  225	Topics
  
  2,444	Local links
  
  3,194	Internet links
  
  0	Graphics
  
  
  
  
  
  Created c:\Users\mohac\Documents\Visual Studio 2015\Projects\Prog3_jatek\Documentation\Help\Working\Output\HtmlHelp1\Documentation.chm, 370,171 bytes
  
  Compression decreased file by 2,008,384 bytes.
  
    Last step completed in 00:00:01,6407
</buildStep>
<buildStep step="CleanIntermediates">
Removing intermediate files...
    Last step completed in 00:00:00,0725
</buildStep>
<buildStep step="Completed">

Build completed successfully at 2016. 11. 21. 18:49:33.  Total time: 00:00:20,6871

</buildStep>
</shfbBuild>
